<?xml version="1.0" encoding="UTF-8"?>
<!-- Generated by org.testng.reporters.JUnitReportReporter -->
<testsuite skipped="0" hostname="LAPTOP-CNNSTU0S" name="automaterest.proj_two" tests="2" failures="0" timestamp="2020-09-11T22:11:57 IST" time="3.285" errors="0">
  <testcase name="getIdpayload" time="0.329" classname="automaterest.proj_two"/>
  <system-out/>
  <testcase name="createpayload" time="2.956" classname="automaterest.proj_two"/>
  <system-out/>
</testsuite> <!-- automaterest.proj_two -->
